Arguments: 
  /usr/local/bin/node /Users/wentao/.yarn/bin/yarn.js add -S normalize.css

PATH: 
  /Users/wentao/.rvm/gems/ruby-2.5.3/bin:/Users/wentao/.rvm/gems/ruby-2.5.3@global/bin:/Users/wentao/.rvm/rubies/ruby-2.5.3/bin:/Users/wentao/.yarn/bin:/Users/wentao/.config/yarn/global/node_modules/.bin:/Library/Frameworks/Python.framework/Versions/3.7/bin:/usr/local/bin:/usr/bin:/bin:/usr/sbin:/sbin:/Users/wentao/.rvm/gems/ruby-2.5.3/bin:/Users/wentao/.rvm/gems/ruby-2.5.3@global/bin:/Users/wentao/.rvm/rubies/ruby-2.5.3/bin:/Users/wentao/.yarn/bin:/Users/wentao/.config/yarn/global/node_modules/.bin:/Library/Frameworks/Python.framework/Versions/3.7/bin:/Users/wentao/.rvm/bin:/Users/wentao/.rvm/bin

Yarn version: 
  1.5.1

Node version: 
  8.10.0

Platform: 
  darwin x64

npm manifest: 
  No manifest

yarn manifest: 
  No manifest

Lockfile: 
  No lockfile

Trace: 
  Error: Missing list of packages to add to your project.
      at new MessageError (/Users/wentao/.yarn/lib/cli.js:186:110)
      at Object.<anonymous> (/Users/wentao/.yarn/lib/cli.js:40587:13)
      at Generator.next (<anonymous>)
      at step (/Users/wentao/.yarn/lib/cli.js:98:30)
      at /Users/wentao/.yarn/lib/cli.js:116:14
      at new Promise (<anonymous>)
      at new F (/Users/wentao/.yarn/lib/cli.js:23451:28)
      at Object.<anonymous> (/Users/wentao/.yarn/lib/cli.js:95:12)
      at Object.run (/Users/wentao/.yarn/lib/cli.js:40599:19)
      at run (/Users/wentao/.yarn/lib/cli.js:89113:20)
